[17:01:53] [Server thread/INFO]: Starting minecraft server version 1.14.4
[17:01:53] [Server thread/INFO]: Loading properties
[17:01:53] [Server thread/INFO]: This server is running CraftBukkit version git-Spigot-9de398a-9c887d4 (MC: 1.14.4) (Implementing API version 1.14.4-R0.1-SNAPSHOT)
[17:01:53] [Server thread/INFO]: Server Ping Player Sample Count: 12
[17:01:53] [Server thread/INFO]: Using 4 threads for Netty based IO
[17:01:53] [Server thread/INFO]: Debug logging is disabled
[17:01:53] [Server thread/INFO]: Default game type: SURVIVAL
[17:01:53] [Server thread/INFO]: Generating keypair
[17:01:54] [Server thread/INFO]: Starting Minecraft server on 51.89.152.59:2078
[17:01:54] [Server thread/INFO]: Using epoll channel type
[17:01:57] [Server thread/WARN]: Plugin HideItem v1.1 does not specify an api-version.
[17:01:57] [Server thread/WARN]: Plugin KitPvP v2.0.7 does not specify an api-version.
[17:01:57] [Server thread/WARN]: Plugin AdvancedBan v2.1.5-RELEASE does not specify an api-version.
[17:01:57] [Server thread/INFO]: [AsyncWorldEdit] Injector platform set to: InjectorBukkit
[17:01:57] [Server thread/INFO]: [AsyncWorldEdit] Injecting NMS classes...
[17:01:57] [Server thread/INFO]: [AsyncWorldEdit] Injecting WorldEdit classes...
[17:01:58] [Server thread/INFO]: [AsyncWorldEdit] Modiffy class com.sk89q.worldedit.util.eventbus.EventBus
[17:01:58] [Server thread/INFO]: [AsyncWorldEdit] Modiffy class com.sk89q.worldedit.math.BlockVector2
[17:01:58] [Server thread/INFO]: [AsyncWorldEdit] Modiffy class com.sk89q.worldedit.math.BlockVector3
[17:01:58] [Server thread/INFO]: [AsyncWorldEdit] Modiffy class com.sk89q.worldedit.math.Vector2
[17:01:58] [Server thread/INFO]: [AsyncWorldEdit] Modiffy class com.sk89q.worldedit.math.Vector3
[17:01:58] [Server thread/INFO]: [AsyncWorldEdit] Modiffy class com.sk89q.worldedit.world.block.BlockStateHolder
[17:01:58] [Server thread/INFO]: [AsyncWorldEdit] Modiffy class com.sk89q.worldedit.world.block.BaseBlock
[17:01:58] [Server thread/INFO]: [AsyncWorldEdit] Modiffy class com.sk89q.worldedit.world.block.BlockState
[17:01:59] [Server thread/INFO]: [AsyncWorldEdit] Modiffy class com.sk89q.worldedit.entity.BaseEntity
[17:01:59] [Server thread/INFO]: [AsyncWorldEdit] Modiffy class com.sk89q.worldedit.util.Location
[17:01:59] [Server thread/INFO]: [AsyncWorldEdit] Modiffy class com.sk89q.worldedit.world.biome.BiomeType
[17:01:59] [Server thread/INFO]: [AsyncWorldEdit] Modiffy class com.sk89q.worldedit.world.weather.WeatherType
[17:01:59] [Server thread/INFO]: [AsyncWorldEdit] Modiffy class com.sk89q.worldedit.EditSession
[17:01:59] [Server thread/INFO]: [AsyncWorldEdit] Modiffy class com.sk89q.worldedit.function.operation.Operations
[17:01:59] [Server thread/INFO]: [AsyncWorldEdit] Modiffy class com.sk89q.worldedit.extent.clipboard.BlockArrayClipboard
[17:01:59] [Server thread/INFO]: [AsyncWorldEdit] Modiffy class com.sk89q.worldedit.extension.platform.PlayerProxy
[17:01:59] [Server thread/INFO]: [AsyncWorldEdit] Modiffy class com.sk89q.worldedit.util.collection.LocatedBlockList
[17:01:59] [Server thread/INFO]: [AsyncWorldEdit] Modiffy class com.sk89q.worldedit.extent.reorder.MultiStageReorder
[17:01:59] [Server thread/INFO]: [AsyncWorldEdit] Modiffy class com.sk89q.worldedit.extent.reorder.ChunkBatchingExtent
[17:01:59] [Server thread/INFO]: [AsyncWorldEdit] Modiffy class com.sk89q.worldedit.regions.AbstractRegion
[17:01:59] [Server thread/INFO]: [AsyncWorldEdit] Modiffy class com.sk89q.worldedit.regions.EllipsoidRegion
[17:01:59] [Server thread/INFO]: [AsyncWorldEdit] Modiffy class com.sk89q.worldedit.regions.ConvexPolyhedralRegion
[17:01:59] [Server thread/INFO]: [AsyncWorldEdit] Modiffy class com.sk89q.worldedit.regions.TransformRegion
[17:01:59] [Server thread/INFO]: [AsyncWorldEdit] Modiffy class com.sk89q.worldedit.regions.RegionIntersection
[17:01:59] [Server thread/INFO]: [AsyncWorldEdit] Modiffy class com.sk89q.worldedit.regions.NullRegion
[17:01:59] [Server thread/INFO]: [AsyncWorldEdit] Modiffy class com.sk89q.worldedit.regions.Polygonal2DRegion
[17:01:59] [Server thread/INFO]: [AsyncWorldEdit] Modiffy class com.sk89q.worldedit.regions.CylinderRegion
[17:01:59] [Server thread/INFO]: [AsyncWorldEdit] Modiffy class com.sk89q.worldedit.regions.CuboidRegion
[17:01:59] [Server thread/INFO]: [AsyncWorldEdit] Modiffy class com.sk89q.worldedit.command.SnapshotUtilCommands
[17:01:59] [Server thread/INFO]: [AsyncWorldEdit] Modiffy class com.sk89q.worldedit.command.ScriptingCommands
[17:01:59] [Server thread/INFO]: [AsyncWorldEdit] Modiffy class com.sk89q.worldedit.command.SchematicCommands
[17:01:59] [Server thread/INFO]: [AsyncWorldEdit] Modiffy class com.sk89q.worldedit.command.RegionCommands
[17:01:59] [Server thread/INFO]: [AsyncWorldEdit] Modiffy class com.sk89q.worldedit.command.UtilityCommandsRegistration
[17:01:59] [Server thread/INFO]: [AsyncWorldEdit] Modiffy class com.sk89q.worldedit.command.RegionCommandsRegistration
[17:01:59] [Server thread/INFO]: [AsyncWorldEdit] Creating class org/primesoft/asyncworldedit/worldedit/entity/PlayerWrapper
[17:01:59] [Server thread/INFO]: [AsyncWorldEdit] Creating class org/primesoft/asyncworldedit/worldedit/entity/NoPermsPlayer
[17:01:59] [Server thread/INFO]: [AsyncWorldEdit] Creating class org/primesoft/asyncworldedit/worldedit/extension/platform/NoPermsActor
[17:01:59] [Server thread/INFO]: [AsyncWorldEdit] Creating class org/primesoft/asyncworldedit/injector/injected/entity/IPlayerFactory
[17:01:59] [Server thread/INFO]: [AsyncWorldEdit] Creating class org/primesoft/asyncworldedit/injector/injected/extension/platform/IActorFactory
[17:01:59] [Server thread/INFO]: [AsyncWorldEdit] Injector Enabled
[17:01:59] [Server thread/INFO]: [AsyncWorldEdit] New class factory set to: org.primesoft.asyncworldedit.asyncinjector.async.AsyncClassFactory
[17:01:59] [Server thread/WARN]: Plugin OldPvP v1.9 does not specify an api-version.
[17:01:59] [Server thread/WARN]: Plugin CustomHelp v0.5 does not specify an api-version.
[17:01:59] [Server thread/WARN]: Plugin ServerListPlus v3.4.8 does not specify an api-version.
[17:01:59] [Server thread/WARN]: Plugin StatsSB v2.5.7 does not specify an api-version.
[17:01:59] [Server thread/INFO]: [WorldEdit] Loading WorldEdit v7.0.1;61bc012
[17:02:00] [Server thread/INFO]: Got request to register class com.sk89q.worldedit.bukkit.BukkitServerInterface with WorldEdit [com.sk89q.worldedit.extension.platform.PlatformManager@1784b0e7]
[17:02:00] [Server thread/INFO]: [HideItem] Loading HideItem v1.1
[17:02:00] [Server thread/INFO]: [KitPvP] Loading KitPvP v2.0.7
[17:02:00] [Server thread/INFO]: [GroupManager] Loading GroupManager v0.2.0
[17:02:00] [Server thread/INFO]: [ClearLag] Loading ClearLag v3.1.0
[17:02:00] [Server thread/INFO]: [AdvancedBan] Loading AdvancedBan v2.1.5-RELEASE
[17:02:00] [Server thread/INFO]: [HolographicDisplays] Loading HolographicDisplays v2.4.0
[17:02:00] [Server thread/INFO]: [BuycraftX] Loading BuycraftX v12.0.2
[17:02:00] [Server thread/INFO]: [Multiverse-Core] Loading Multiverse-Core v3.0.0-b762
[17:02:00] [Server thread/INFO]: [AsyncWorldEdit] Loading AsyncWorldEdit v3.6.11
[17:02:00] [Server thread/INFO]: [AsyncWorldEdit] Plugin installed
[17:02:00] [Server thread/INFO]: [Multiverse-Inventories] Loading Multiverse-Inventories v3.0.0-b459
[17:02:00] [Server thread/INFO]: [OldPvP] Loading OldPvP v1.9
[17:02:00] [Server thread/INFO]: [CustomHelp] Loading CustomHelp v0.5
[17:02:00] [Server thread/INFO]: [Vault] Loading Vault v1.7.2-b107
[17:02:00] [Server thread/INFO]: [ServerListPlus] Loading ServerListPlus v3.4.8
[17:02:00] [Server thread/INFO]: [Wild] Loading Wild v2.13-8ecba61
[17:02:00] [Server thread/INFO]: [Companions] Loading Companions v1.5.2
[17:02:00] [Server thread/INFO]: [Essentials] Loading Essentials v2.17.1.0
[17:02:00] [Server thread/INFO]: [WorldGuard] Loading WorldGuard v7.0.0;02b731f
[17:02:00] [Server thread/INFO]: [DiscordSRV] Loading DiscordSRV v1.18.0
[17:02:00] [Server thread/INFO]: [ChestCommands] Loading ChestCommands v3.2.0
[17:02:00] [Server thread/INFO]: [StatsSB] Loading StatsSB v2.5.7
[17:02:00] [Server thread/INFO]: [EssentialsProtect] Loading EssentialsProtect v2.17.1.0
[17:02:00] [Server thread/INFO]: [EssentialsChat] Loading EssentialsChat v2.17.1.0
[17:02:00] [Server thread/INFO]: [EssentialsAntiBuild] Loading EssentialsAntiBuild v2.17.1.0
[17:02:00] [Server thread/INFO]: [mcMMO] Loading mcMMO v2.1.110
[17:02:00] [Server thread/INFO]: mcMMO has registered WG flags successfully!
[17:02:00] [Server thread/INFO]: [ItemJoin] Loading ItemJoin v5.0.5-RELEASE-b324
[17:02:00] [Server thread/INFO]: [HungerGames] Loading HungerGames v4.13.0
[17:02:00] [Server thread/INFO]: [EssentialsSpawn] Loading EssentialsSpawn v2.17.1.0
[17:02:00] [Server thread/INFO]: [Jobs] Loading Jobs v4.14.3
[17:02:00] [Server thread/INFO]: [WorldEdit] Enabling WorldEdit v7.0.1;61bc012
[17:02:00] [Server thread/INFO]: WEPIF: Using the Bukkit Permissions API.
[17:02:00] [Server thread/INFO]: Using com.sk89q.worldedit.bukkit.adapter.impl.Spigot_v1_14_R4 as the Bukkit adapter
[17:02:00] [Server thread/WARN]: [WorldEdit] ====================================================
[17:02:00] [Server thread/WARN]: [WorldEdit]  WorldEdit works better if you use Paper 
[17:02:00] [Server thread/WARN]: [WorldEdit]  as your server software. 
[17:02:00] [Server thread/WARN]: [WorldEdit]   
[17:02:00] [Server thread/WARN]: [WorldEdit]  Paper offers significant performance improvements,
[17:02:00] [Server thread/WARN]: [WorldEdit]  bug fixes, security enhancements and optional
[17:02:00] [Server thread/WARN]: [WorldEdit]  features for server owners to enhance their server.
[17:02:00] [Server thread/WARN]: [WorldEdit]   
[17:02:00] [Server thread/WARN]: [WorldEdit]  Paper includes Timings v2, which is significantly
[17:02:00] [Server thread/WARN]: [WorldEdit]  better at diagnosing lag problems over v1.
[17:02:00] [Server thread/WARN]: [WorldEdit]   
[17:02:00] [Server thread/WARN]: [WorldEdit]  All of your plugins should still work, and the
[17:02:00] [Server thread/WARN]: [WorldEdit]  Paper community will gladly help you fix any issues.
[17:02:00] [Server thread/WARN]: [WorldEdit]   
[17:02:00] [Server thread/WARN]: [WorldEdit]  Join the Paper Community @ https://papermc.io
[17:02:00] [Server thread/WARN]: [WorldEdit] ====================================================
[17:02:00] [Server thread/INFO]: [AsyncWorldEdit] Enabling AsyncWorldEdit v3.6.11
[17:02:00] [Server thread/INFO]: [AsyncWorldEdit] Warning: Unable to get class com.sk89q.worldedit.extent.reorder.MultiStageReorder$Stage3Committer
[17:02:00] [Server thread/INFO]: [AsyncWorldEdit] Warning: Unable to get class com.sk89q.worldedit.extent.reorder.MultiStageReorder$Stage3Committer
[17:02:00] [Server thread/INFO]: [AsyncWorldEdit] Platform set to Bukkit API
[17:02:00] [Server thread/INFO]: [AsyncWorldEdit] ===================================================================================
[17:02:00] [Server thread/INFO]: [AsyncWorldEdit] =     ___                         _       __           __    ________    ___ __   =
[17:02:00] [Server thread/INFO]: [AsyncWorldEdit] =    /   |  _______  ______  ____| |     / /___  _____/ /___/ / ____/___/ (_) /_  =
[17:02:00] [Server thread/INFO]: [AsyncWorldEdit] =   / /| | / ___/ / / / __ \/ ___/ | /| / / __ \/ ___/ / __  / __/ / __  / / __/  =
[17:02:00] [Server thread/INFO]: [AsyncWorldEdit] =  / ___ |(__  ) /_/ / / / / /__ | |/ |/ / /_/ / /  / / /_/ / /___/ /_/ / / /_    =
[17:02:00] [Server thread/INFO]: [AsyncWorldEdit] = /_/  |_/____/\__, /_/ /_/\___/ |__/|__/\____/_/  /_/\__,_/_____/\__,_/_/\__/    =
[17:02:00] [Server thread/INFO]: [AsyncWorldEdit] =             /____/                                                              =
[17:02:00] [Server thread/INFO]: [AsyncWorldEdit] = Author: SBPrime                                                                 =
[17:02:00] [Server thread/INFO]: [AsyncWorldEdit] =                                ________________                                 =
[17:02:00] [Server thread/INFO]: [AsyncWorldEdit] =                            ___/  free version  \___                             =
[17:02:00] [Server thread/INFO]: [AsyncWorldEdit] ===================================================================================
[17:02:10] [Server thread/INFO]: [AsyncWorldEdit] Initializing WorldEdit.
[17:02:10] [AWE:Cron:undoCleanup/INFO]: [AsyncWorldEdit] Undo cleanup started...
[17:02:10] [AWE:Cron:undoCleanup/INFO]: [AsyncWorldEdit] ...undo cleanup done.
[17:02:10] [Server thread/INFO]: [AsyncWorldEdit] No matching adapter found for Bukkit.v1_14_R1, DirectChunkAPI disabled
[17:02:10] [Server thread/INFO]: [AsyncWorldEdit] PlotMeFix set to class org.primesoft.asyncworldedit.plotme.NullFix.
[17:02:10] [Server thread/INFO]: [AsyncWorldEdit] Enabled
[17:02:10] [Server thread/INFO]: [Vault] Enabling Vault v1.7.2-b107
[17:02:11] [Server thread/INFO]: [Vault] [Economy] Essentials Economy found: Waiting
[17:02:11] [Server thread/INFO]: [Vault] [Permission] GroupManager found: Waiting
[17:02:11] [Server thread/INFO]: [Vault] [Permission] SuperPermissions loaded as backup permission system.
[17:02:11] [Server thread/INFO]: [Vault] [Chat] GroupManager found: Waiting
[17:02:11] [Server thread/INFO]: [Vault] Enabled Version 1.7.2-b107
[17:02:11] [Server thread/INFO]: WEPIF: Vault detected! Using Vault for permissions
[17:02:11] [Server thread/INFO]: Preparing level "Survival"
[17:02:11] [Server thread/INFO]: Reloading ResourceManager: Default, bukkit
[17:02:11] [Thread-11/INFO]: [AsyncWorldEdit] You have an old version of the plugin. Your version: 3.6.11, available version: 3.6.14
[17:02:11] [Server thread/INFO]: Loaded 6 recipes
[17:02:11] [Server thread/INFO]: -------- World Settings For [Survival] --------
[17:02:11] [Server thread/INFO]: Cactus Growth Modifier: 100%
[17:02:11] [Server thread/INFO]: Cane Growth Modifier: 100%
[17:02:11] [Server thread/INFO]: Melon Growth Modifier: 100%
[17:02:11] [Server thread/INFO]: Mushroom Growth Modifier: 100%
[17:02:11] [Server thread/INFO]: Pumpkin Growth Modifier: 100%
[17:02:11] [Server thread/INFO]: Sapling Growth Modifier: 100%
[17:02:11] [Server thread/INFO]: Beetroot Growth Modifier: 100%
[17:02:11] [Server thread/INFO]: Carrot Growth Modifier: 100%
[17:02:11] [Server thread/INFO]: Potato Growth Modifier: 100%
[17:02:11] [Server thread/INFO]: Wheat Growth Modifier: 100%
[17:02:11] [Server thread/INFO]: NetherWart Growth Modifier: 100%
[17:02:11] [Server thread/INFO]: Vine Growth Modifier: 100%
[17:02:11] [Server thread/INFO]: Cocoa Growth Modifier: 100%
[17:02:11] [Server thread/INFO]: Bamboo Growth Modifier: 100%
[17:02:11] [Server thread/INFO]: SweetBerry Growth Modifier: 100%
[17:02:11] [Server thread/INFO]: Kelp Growth Modifier: 100%
[17:02:11] [Server thread/INFO]: Entity Activation Range: An 32 / Mo 32 / Ra 48 / Mi 16 / Tiv true
[17:02:11] [Server thread/INFO]: Entity Tracking Range: Pl 48 / An 48 / Mo 48 / Mi 32 / Other 64
[17:02:11] [Server thread/INFO]: Experience Merge Radius: 3.0
[17:02:11] [Server thread/INFO]: Mob Spawn Range: 6
[17:02:11] [Server thread/INFO]: Hopper Transfer: 8 Hopper Check: 1 Hopper Amount: 1
[17:02:11] [Server thread/INFO]: Custom Map Seeds:  Village: 10387312 Desert: 14357617 Igloo: 14357618 Jungle: 14357619 Swamp: 14357620 Monument: 10387313Ocean: 14357621 Shipwreck: 165745295 Slime: 987234911
[17:02:11] [Server thread/INFO]: Max TNT Explosions: 100
[17:02:11] [Server thread/INFO]: Tile Max Tick Time: 50ms Entity max Tick Time: 50ms
[17:02:11] [Server thread/INFO]: View Distance: 10
[17:02:11] [Server thread/INFO]: Arrow Despawn Rate: 1200
[17:02:11] [Server thread/INFO]: Allow Zombie Pigmen to spawn from portal blocks: true
[17:02:11] [Server thread/INFO]: Item Despawn Rate: 6000
[17:02:11] [Server thread/INFO]: Item Merge Radius: 2.5
[17:02:11] [Server thread/INFO]: Zombie Aggressive Towards Villager: true
[17:02:11] [Server thread/INFO]: Nerfing mobs spawned from spawners: false
[17:02:11] [Server thread/INFO]: Registering commands with com.sk89q.worldedit.bukkit.BukkitServerInterface
[17:02:11] [Server thread/INFO]: -------- World Settings For [Survival_nether] --------
[17:02:11] [Server thread/INFO]: Cactus Growth Modifier: 100%
[17:02:11] [Server thread/INFO]: Cane Growth Modifier: 100%
[17:02:11] [Server thread/INFO]: Melon Growth Modifier: 100%
[17:02:11] [Server thread/INFO]: Mushroom Growth Modifier: 100%
[17:02:11] [Server thread/INFO]: Pumpkin Growth Modifier: 100%
[17:02:11] [Server thread/INFO]: Sapling Growth Modifier: 100%
[17:02:11] [Server thread/INFO]: Beetroot Growth Modifier: 100%
[17:02:11] [Server thread/INFO]: Carrot Growth Modifier: 100%
[17:02:11] [Server thread/INFO]: Potato Growth Modifier: 100%
[17:02:11] [Server thread/INFO]: Wheat Growth Modifier: 100%
[17:02:11] [Server thread/INFO]: NetherWart Growth Modifier: 100%
[17:02:11] [Server thread/INFO]: Vine Growth Modifier: 100%
[17:02:11] [Server thread/INFO]: Cocoa Growth Modifier: 100%
[17:02:11] [Server thread/INFO]: Bamboo Growth Modifier: 100%
[17:02:11] [Server thread/INFO]: SweetBerry Growth Modifier: 100%
[17:02:11] [Server thread/INFO]: Kelp Growth Modifier: 100%
[17:02:11] [Server thread/INFO]: Entity Activation Range: An 32 / Mo 32 / Ra 48 / Mi 16 / Tiv true
[17:02:11] [Server thread/INFO]: Entity Tracking Range: Pl 48 / An 48 / Mo 48 / Mi 32 / Other 64
[17:02:11] [Server thread/INFO]: Experience Merge Radius: 3.0
[17:02:11] [Server thread/INFO]: Mob Spawn Range: 6
[17:02:11] [Server thread/INFO]: Hopper Transfer: 8 Hopper Check: 1 Hopper Amount: 1
[17:02:11] [Server thread/INFO]: Custom Map Seeds:  Village: 10387312 Desert: 14357617 Igloo: 14357618 Jungle: 14357619 Swamp: 14357620 Monument: 10387313Ocean: 14357621 Shipwreck: 165745295 Slime: 987234911
[17:02:11] [Server thread/INFO]: Max TNT Explosions: 100
[17:02:11] [Server thread/INFO]: Tile Max Tick Time: 50ms Entity max Tick Time: 50ms
[17:02:11] [Server thread/INFO]: View Distance: 10
[17:02:11] [Server thread/INFO]: Arrow Despawn Rate: 1200
[17:02:11] [Server thread/INFO]: Allow Zombie Pigmen to spawn from portal blocks: true
[17:02:11] [Server thread/INFO]: Item Despawn Rate: 6000
[17:02:11] [Server thread/INFO]: Item Merge Radius: 2.5
[17:02:11] [Server thread/INFO]: Zombie Aggressive Towards Villager: true
[17:02:11] [Server thread/INFO]: Nerfing mobs spawned from spawners: false
[17:02:11] [Server thread/INFO]: -------- World Settings For [Survival_the_end] --------
[17:02:11] [Server thread/INFO]: Cactus Growth Modifier: 100%
[17:02:11] [Server thread/INFO]: Cane Growth Modifier: 100%
[17:02:11] [Server thread/INFO]: Melon Growth Modifier: 100%
[17:02:11] [Server thread/INFO]: Mushroom Growth Modifier: 100%
[17:02:11] [Server thread/INFO]: Pumpkin Growth Modifier: 100%
[17:02:11] [Server thread/INFO]: Sapling Growth Modifier: 100%
[17:02:11] [Server thread/INFO]: Beetroot Growth Modifier: 100%
[17:02:11] [Server thread/INFO]: Carrot Growth Modifier: 100%
[17:02:11] [Server thread/INFO]: Potato Growth Modifier: 100%
[17:02:11] [Server thread/INFO]: Wheat Growth Modifier: 100%
[17:02:11] [Server thread/INFO]: NetherWart Growth Modifier: 100%
[17:02:11] [Server thread/INFO]: Vine Growth Modifier: 100%
[17:02:11] [Server thread/INFO]: Cocoa Growth Modifier: 100%
[17:02:11] [Server thread/INFO]: Bamboo Growth Modifier: 100%
[17:02:11] [Server thread/INFO]: SweetBerry Growth Modifier: 100%
[17:02:11] [Server thread/INFO]: Kelp Growth Modifier: 100%
[17:02:11] [Server thread/INFO]: Entity Activation Range: An 32 / Mo 32 / Ra 48 / Mi 16 / Tiv true
[17:02:11] [Server thread/INFO]: Entity Tracking Range: Pl 48 / An 48 / Mo 48 / Mi 32 / Other 64
[17:02:11] [Server thread/INFO]: Experience Merge Radius: 3.0
[17:02:11] [Server thread/INFO]: Mob Spawn Range: 6
[17:02:11] [Server thread/INFO]: Hopper Transfer: 8 Hopper Check: 1 Hopper Amount: 1
[17:02:11] [Server thread/INFO]: Custom Map Seeds:  Village: 10387312 Desert: 14357617 Igloo: 14357618 Jungle: 14357619 Swamp: 14357620 Monument: 10387313Ocean: 14357621 Shipwreck: 165745295 Slime: 987234911
[17:02:11] [Server thread/INFO]: Max TNT Explosions: 100
[17:02:11] [Server thread/INFO]: Tile Max Tick Time: 50ms Entity max Tick Time: 50ms
[17:02:11] [Server thread/INFO]: View Distance: 10
[17:02:11] [Server thread/INFO]: Arrow Despawn Rate: 1200
[17:02:11] [Server thread/INFO]: Allow Zombie Pigmen to spawn from portal blocks: true
[17:02:11] [Server thread/INFO]: Item Despawn Rate: 6000
[17:02:11] [Server thread/INFO]: Item Merge Radius: 2.5
[17:02:11] [Server thread/INFO]: Zombie Aggressive Towards Villager: true
[17:02:11] [Server thread/INFO]: Nerfing mobs spawned from spawners: false
[17:02:11] [Server thread/INFO]: Preparing start region for dimension 'Survival'/minecraft:overworld
[17:02:12] [Server thread/INFO]: Preparing spawn area: 0%
[17:02:12] [Server thread/INFO]: Preparing spawn area: 0%
[17:02:12] [Server thread/INFO]: Preparing spawn area: 0%
[17:02:15] [Server-Worker-3/INFO]: Preparing spawn area: 83%
[17:02:15] [Server-Worker-4/INFO]: Preparing spawn area: 83%
[17:02:15] [Server-Worker-4/INFO]: Preparing spawn area: 83%
[17:02:15] [Server-Worker-4/INFO]: Preparing spawn area: 83%
[17:02:15] [Server-Worker-5/INFO]: Preparing spawn area: 99%
[17:02:15] [Server thread/INFO]: Time elapsed: 3876 ms
[17:02:15] [Server thread/INFO]: Preparing start region for dimension 'Survival_nether'/minecraft:the_nether
[17:02:16] [Server thread/INFO]: Preparing spawn area: 0%
[17:02:16] [Server-Worker-7/INFO]: Preparing spawn area: 2%
[17:02:16] [Server-Worker-6/INFO]: Preparing spawn area: 83%
[17:02:17] [Server-Worker-9/INFO]: Preparing spawn area: 83%
[17:02:17] [Server-Worker-3/INFO]: Preparing spawn area: 88%
[17:02:18] [Server-Worker-4/INFO]: Preparing spawn area: 98%
[17:02:18] [Server thread/INFO]: Time elapsed: 2587 ms
[17:02:18] [Server thread/INFO]: Preparing start region for dimension 'Survival_the_end'/minecraft:the_end
[17:02:18] [Server thread/INFO]: Preparing spawn area: 0%
[17:02:18] [Server-Worker-4/INFO]: Preparing spawn area: 83%
[17:02:19] [Server thread/INFO]: Time elapsed: 831 ms
[17:02:19] [Server thread/INFO]: [HideItem] Enabling HideItem v1.1
[17:02:19] [Server thread/ERROR]: Error occurred while enabling HideItem v1.1 (Is it up to date?)
java.lang.NumberFormatException: For input string: ""
	at java.lang.NumberFormatException.forInputString(NumberFormatException.java:65) ~[?:1.8.0_211]
	at java.lang.Integer.parseInt(Integer.java:592) ~[?:1.8.0_211]
	at java.lang.Integer.parseInt(Integer.java:615) ~[?:1.8.0_211]
	at me.qKing12.HideItem.Main.onEnable(Main.java:59) ~[?:?]
	at org.bukkit.plugin.java.JavaPlugin.setEnabled(JavaPlugin.java:263) ~[spigot.jar:git-Spigot-9de398a-9c887d4]
	at org.bukkit.plugin.java.JavaPluginLoader.enablePlugin(JavaPluginLoader.java:352) [spigot.jar:git-Spigot-9de398a-9c887d4]
	at org.bukkit.plugin.SimplePluginManager.enablePlugin(SimplePluginManager.java:417) [spigot.jar:git-Spigot-9de398a-9c887d4]
	at org.bukkit.craftbukkit.v1_14_R1.CraftServer.enablePlugin(CraftServer.java:461) [spigot.jar:git-Spigot-9de398a-9c887d4]
	at org.bukkit.craftbukkit.v1_14_R1.CraftServer.enablePlugins(CraftServer.java:375) [spigot.jar:git-Spigot-9de398a-9c887d4]
	at net.minecraft.server.v1_14_R1.MinecraftServer.a(MinecraftServer.java:449) [spigot.jar:git-Spigot-9de398a-9c887d4]
	at net.minecraft.server.v1_14_R1.DedicatedServer.init(DedicatedServer.java:258) [spigot.jar:git-Spigot-9de398a-9c887d4]
	at net.minecraft.server.v1_14_R1.MinecraftServer.run(MinecraftServer.java:776) [spigot.jar:git-Spigot-9de398a-9c887d4]
	at java.lang.Thread.run(Thread.java:748) [?:1.8.0_211]
[17:02:19] [Server thread/INFO]: [KitPvP] Enabling KitPvP v2.0.7
[17:02:19] [Server thread/INFO]: [KIT-PVP] Enabling KitPvP version 2.0.7...
[17:02:19] [Server thread/INFO]: [KIT-PVP] Done!
[17:02:19] [Server thread/INFO]: [GroupManager] Enabling GroupManager v0.2.0
[17:02:19] [Server thread/INFO]: GroupManager - INFO - World Found: world
[17:02:19] [Server thread/INFO]: GroupManager - INFO - World Found: spawn
[17:02:19] [Server thread/INFO]: GroupManager - INFO - World Found: survival
[17:02:19] [Server thread/INFO]: GroupManager - INFO - World Found: survival_nether
[17:02:19] [Server thread/INFO]: GroupManager - INFO - World Found: Survival
[17:02:19] [Server thread/INFO]: GroupManager - INFO - World Found: survival_the_end
[17:02:19] [Server thread/INFO]: GroupManager - INFO - Superperms support enabled.
[17:02:19] [Server thread/INFO]: GroupManager - INFO - Scheduled Data Saving is set for every 10 minutes!
[17:02:19] [Server thread/INFO]: GroupManager - INFO - Backups will be retained for 24 hours!
[17:02:19] [Server thread/INFO]: GroupManager version 0.2.0 is enabled!
[17:02:19] [Server thread/INFO]: WEPIF: GroupManager detected! Using GroupManager for permissions.
[17:02:19] [Server thread/INFO]: [Vault][Permission] GroupManager hooked.
[17:02:19] [Server thread/INFO]: [Vault] [Vault][Chat] GroupManager - Chat hooked.
[17:02:19] [Server thread/INFO]: [ClearLag] Enabling ClearLag v3.1.0
[17:02:19] [Server thread/INFO]: [ClearLag] Loading modules...
[17:02:19] [Server thread/INFO]: [ClearLag] Modules enabed, loading config values
[17:02:19] [Server thread/INFO]: [ClearLag] Modules have been loaded!
[17:02:19] [Server thread/INFO]: [ClearLag] Clearlag is now enabled!
[17:02:19] [Thread-12/INFO]: [ClearLag] Checking for updates compatible with your bukkit version [1.14]...
[17:02:19] [Server thread/INFO]: [AdvancedBan] Enabling AdvancedBan v2.1.5-RELEASE
[17:02:19] [Thread-12/INFO]: [ClearLag] No updates found!
[17:02:20] [Server thread/INFO]: 
 
[]=====[Enabling AdvancedBan]=====[]
| Information:
|   Name: AdvancedBan
|   Developer: Leoko
|   Version: 2.1.5-RELEASE
|   Storage: HSQLDB (local)
| Support:
|   Skype: Leoko33
|   Mail: Leoko4433@gmail.com
|   Github: https://github.com/DevLeoko/AdvancedBan/issues
|   Discord: https://discord.gg/ycDG6rS
| Update:
|   There is a new version available! [2.1.5]
[]================================[]
 
[17:02:20] [Server thread/INFO]: [HolographicDisplays] Enabling HolographicDisplays v2.4.0
[17:02:20] [Server thread/INFO]: [BuycraftX] Enabling BuycraftX v12.0.2
[17:02:20] [Server thread/INFO]: [BuycraftX] Validating your server key...
[17:02:20] [Server thread/INFO]: [BuycraftX] Fetching all server packages...
[17:02:21] [Server thread/INFO]: [Multiverse-Core] Enabling Multiverse-Core v3.0.0-b762
[17:02:21] [Server thread/WARN]: [Multiverse-Core] "Multiverse-Core v3.0.0-b762" has registered a listener for org.bukkit.event.entity.EntityCreatePortalEvent on method "public void com.onarandombox.MultiverseCore.listeners.MVPortalListener.entityPortalCreate(org.bukkit.event.entity.EntityCreatePortalEvent)", but the event is Deprecated. "Server performance will be affected"; please notify the authors [Rigby, fernferret, lithium3141, main--, dumptruckman].
[17:02:21] [Server thread/INFO]: -------- World Settings For [Spawn] --------
[17:02:21] [Server thread/INFO]: Cactus Growth Modifier: 100%
[17:02:21] [Server thread/INFO]: Cane Growth Modifier: 100%
[17:02:21] [Server thread/INFO]: Melon Growth Modifier: 100%
[17:02:21] [Server thread/INFO]: Mushroom Growth Modifier: 100%
[17:02:21] [Server thread/INFO]: Pumpkin Growth Modifier: 100%
[17:02:21] [Server thread/INFO]: Sapling Growth Modifier: 100%
[17:02:21] [Server thread/INFO]: Beetroot Growth Modifier: 100%
[17:02:21] [Server thread/INFO]: Carrot Growth Modifier: 100%
[17:02:21] [Server thread/INFO]: Potato Growth Modifier: 100%
[17:02:21] [Server thread/INFO]: Wheat Growth Modifier: 100%
[17:02:21] [Server thread/INFO]: NetherWart Growth Modifier: 100%
[17:02:21] [Server thread/INFO]: Vine Growth Modifier: 100%
[17:02:21] [Server thread/INFO]: Cocoa Growth Modifier: 100%
[17:02:21] [Server thread/INFO]: Bamboo Growth Modifier: 100%
[17:02:21] [Server thread/INFO]: SweetBerry Growth Modifier: 100%
[17:02:21] [Server thread/INFO]: Kelp Growth Modifier: 100%
[17:02:21] [Server thread/INFO]: Entity Activation Range: An 32 / Mo 32 / Ra 48 / Mi 16 / Tiv true
[17:02:21] [Server thread/INFO]: Entity Tracking Range: Pl 48 / An 48 / Mo 48 / Mi 32 / Other 64
[17:02:21] [Server thread/INFO]: Experience Merge Radius: 3.0
[17:02:21] [Server thread/INFO]: Mob Spawn Range: 6
[17:02:21] [Server thread/INFO]: Hopper Transfer: 8 Hopper Check: 1 Hopper Amount: 1
[17:02:21] [Server thread/INFO]: Custom Map Seeds:  Village: 10387312 Desert: 14357617 Igloo: 14357618 Jungle: 14357619 Swamp: 14357620 Monument: 10387313Ocean: 14357621 Shipwreck: 165745295 Slime: 987234911
[17:02:21] [Server thread/INFO]: Max TNT Explosions: 100
[17:02:21] [Server thread/INFO]: Tile Max Tick Time: 50ms Entity max Tick Time: 50ms
[17:02:21] [Server thread/INFO]: View Distance: 10
[17:02:21] [Server thread/INFO]: Arrow Despawn Rate: 1200
[17:02:21] [Server thread/INFO]: Allow Zombie Pigmen to spawn from portal blocks: true
[17:02:21] [Server thread/INFO]: Item Despawn Rate: 6000
[17:02:21] [Server thread/INFO]: Item Merge Radius: 2.5
[17:02:21] [Server thread/INFO]: Zombie Aggressive Towards Villager: true
[17:02:21] [Server thread/INFO]: Nerfing mobs spawned from spawners: false
[17:02:22] [Server thread/INFO]: Preparing start region for dimension 'Spawn'/minecraft:overworld
[17:02:22] [Server thread/INFO]: Preparing spawn area: 0%
[17:02:22] [Server thread/INFO]: Time elapsed: 301 ms
[17:02:22] [Server thread/INFO]: -------- World Settings For [Kingdoms] --------
[17:02:22] [Server thread/INFO]: Cactus Growth Modifier: 100%
[17:02:22] [Server thread/INFO]: Cane Growth Modifier: 100%
[17:02:22] [Server thread/INFO]: Melon Growth Modifier: 100%
[17:02:22] [Server thread/INFO]: Mushroom Growth Modifier: 100%
[17:02:22] [Server thread/INFO]: Pumpkin Growth Modifier: 100%
[17:02:22] [Server thread/INFO]: Sapling Growth Modifier: 100%
[17:02:22] [Server thread/INFO]: Beetroot Growth Modifier: 100%
[17:02:22] [Server thread/INFO]: Carrot Growth Modifier: 100%
[17:02:22] [Server thread/INFO]: Potato Growth Modifier: 100%
[17:02:22] [Server thread/INFO]: Wheat Growth Modifier: 100%
[17:02:22] [Server thread/INFO]: NetherWart Growth Modifier: 100%
[17:02:22] [Server thread/INFO]: Vine Growth Modifier: 100%
[17:02:22] [Server thread/INFO]: Cocoa Growth Modifier: 100%
[17:02:22] [Server thread/INFO]: Bamboo Growth Modifier: 100%
[17:02:22] [Server thread/INFO]: SweetBerry Growth Modifier: 100%
[17:02:22] [Server thread/INFO]: Kelp Growth Modifier: 100%
[17:02:22] [Server thread/INFO]: Entity Activation Range: An 32 / Mo 32 / Ra 48 / Mi 16 / Tiv true
[17:02:22] [Server thread/INFO]: Entity Tracking Range: Pl 48 / An 48 / Mo 48 / Mi 32 / Other 64
[17:02:22] [Server thread/INFO]: Experience Merge Radius: 3.0
[17:02:22] [Server thread/INFO]: Mob Spawn Range: 6
[17:02:22] [Server thread/INFO]: Hopper Transfer: 8 Hopper Check: 1 Hopper Amount: 1
[17:02:22] [Server thread/INFO]: Custom Map Seeds:  Village: 10387312 Desert: 14357617 Igloo: 14357618 Jungle: 14357619 Swamp: 14357620 Monument: 10387313Ocean: 14357621 Shipwreck: 165745295 Slime: 987234911
[17:02:22] [Server thread/INFO]: Max TNT Explosions: 100
[17:02:22] [Server thread/INFO]: Tile Max Tick Time: 50ms Entity max Tick Time: 50ms
[17:02:22] [Server thread/INFO]: View Distance: 10
[17:02:22] [Server thread/INFO]: Arrow Despawn Rate: 1200
[17:02:22] [Server thread/INFO]: Allow Zombie Pigmen to spawn from portal blocks: true
[17:02:22] [Server thread/INFO]: Item Despawn Rate: 6000
[17:02:22] [Server thread/INFO]: Item Merge Radius: 2.5
[17:02:22] [Server thread/INFO]: Zombie Aggressive Towards Villager: true
[17:02:22] [Server thread/INFO]: Nerfing mobs spawned from spawners: false
[17:02:22] [Server thread/INFO]: Preparing start region for dimension 'Kingdoms'/minecraft:overworld
[17:02:22] [Server thread/INFO]: Preparing spawn area: 0%
[17:02:22] [Server thread/INFO]: Preparing spawn area: 0%
[17:02:25] [Server-Worker-10/INFO]: Preparing spawn area: 83%
[17:02:25] [Server-Worker-9/INFO]: Preparing spawn area: 83%
[17:02:25] [Server-Worker-10/INFO]: Preparing spawn area: 83%
[17:02:25] [Server-Worker-4/INFO]: Preparing spawn area: 83%
[17:02:25] [Server-Worker-5/INFO]: Preparing spawn area: 83%
[17:02:25] [Server-Worker-9/INFO]: Preparing spawn area: 96%
[17:02:26] [Server thread/INFO]: Preparing spawn area: 97%
[17:02:26] [Server thread/INFO]: Time elapsed: 4401 ms
[17:02:26] [Server thread/INFO]: [Multiverse-Core] 5 - World(s) loaded.
[17:02:27] [Server thread/INFO]: [Multiverse-Core] Version 3.0.0-b762 (API v22) Enabled - By Rigby, fernferret, lithium3141, main-- and dumptruckman
[17:02:27] [Server thread/INFO]: [Multiverse-Inventories] Enabling Multiverse-Inventories v3.0.0-b459
[17:02:27] [Server thread/INFO]: [Multiverse-Inventories 3.0.0-b459] enabled.
[17:02:27] [Server thread/INFO]: [OldPvP] Enabling OldPvP v1.9
[17:02:27] [Server thread/INFO]: [OldPvP] Your server is running version v1_14_R1
[17:02:27] [Server thread/INFO]: [1.8 PvP] Error occured, please report on the forums!
[17:02:27] [Server thread/INFO]: [CustomHelp] Enabling CustomHelp v0.5
[17:02:27] [Server thread/INFO]: [ServerListPlus] Enabling ServerListPlus v3.4.8
[17:02:27] [Server thread/ERROR]: [ServerListPlus] ProtocolLib IS NOT INSTALLED! Most features will NOT work!
[17:02:27] [Server thread/INFO]: [ServerListPlus] [Core] Reloading configuration...
[17:02:27] [Server thread/INFO]: [ServerListPlus] [Core] Loaded configuration: ServerStatusConf
[17:02:27] [Server thread/INFO]: [ServerListPlus] [Core] Loaded configuration: PluginConf
[17:02:27] [Server thread/WARN]: [ServerListPlus] [Core] Configuration is not enabled, nothing will be changed on the server! Please execute /slp enable to enable the configuration.
[17:02:27] [Server thread/INFO]: [ServerListPlus] [Core] Reloading saved player identities...
[17:02:27] [Server thread/INFO]: [ServerListPlus] Successfully loaded!
[17:02:27] [Server thread/INFO]: [ServerListPlus] ServerListPlus v3.4.8 enabled.
[17:02:27] [Server thread/INFO]: [Wild] Enabling Wild v2.13-8ecba61
[17:02:27] [Server thread/INFO]: [Wild]  = = = = = = = = = = = = = = = = = = = =
[17:02:27] [Server thread/INFO]: [Wild]  
[17:02:27] [Server thread/WARN]: [Wild] Btw, dis wild plugin (and ur server) would be a bazillion times
[17:02:27] [Server thread/WARN]: [Wild] faster and wilder if u switch 2 Paper.
[17:02:27] [Server thread/WARN]: [Wild] Until then, we'll just go wild at ur serburs slower/laggier pace.
[17:02:27] [Server thread/WARN]: [Wild]  
[17:02:27] [Server thread/WARN]: [Wild] Learn and get Paper (it's ez) at https://papermc.io
[17:02:27] [Server thread/INFO]: [Wild]  
[17:02:27] [Server thread/INFO]: [Wild]  = = = = = = = = = = = = = = = = = = = =
[17:02:27] [Server thread/INFO]: [Companions] Enabling Companions v1.5.2
[17:02:27] [Server thread/INFO]: 
§6Companions§7 by Astero§6 is loading up...

[17:02:27] [Server thread/INFO]: §6>§7 YAML files are loaded up!
[17:02:29] [Server thread/INFO]: §6>§7 Caching files is done!
[17:02:29] [Server thread/INFO]: 
§6(!) §eVault and an Economy plugin has been found, the plugin will be using them.

[17:02:29] [Server thread/INFO]: §6>§7 Misc files are loaded up!
[17:02:29] [Server thread/INFO]: §6>§7 Event Listeners are loaded up!
[17:02:29] [Server thread/INFO]: §6>§7 Commands are loaded up!
[17:02:29] [Server thread/INFO]: 
§6              >--------------------------<
[17:02:29] [Server thread/INFO]: §6              A total of §e19§6 Companions have
[17:02:29] [Server thread/INFO]: §6                    been loaded up.
[17:02:29] [Server thread/INFO]: §6              >--------------------------< 

[17:02:29] [Server thread/INFO]: §6Companions§7 by Astero§6 has been sucessfully loaded up!

[17:02:29] [Server thread/INFO]: [Essentials] Enabling Essentials v2.17.1.0
[17:02:29] [Server thread/INFO]: Attempting to convert old kits in config.yml to new kits.yml
[17:02:29] [Server thread/INFO]: No kits found to migrate.
[17:02:29] [Server thread/INFO]: [Essentials] Using 1.8.3+ BlockStateMeta provider as mob spawner provider.
[17:02:29] [Server thread/INFO]: [Essentials] Using 1.13+ flat spawn egg provider as spawn egg provider.
[17:02:29] [Server thread/INFO]: [Essentials] Using 1.9+ BasePotionData provider as potion meta provider.
[17:02:29] [Server thread/INFO]: Loaded 20977 items from items.json.
[17:02:29] [Server thread/INFO]: Using locale en_US
[17:02:29] [Server thread/INFO]: [Essentials] ServerListPingEvent: Spigot iterator API
[17:02:29] [Server thread/INFO]: [Essentials] Starting Metrics. Opt-out using the global bStats config.
[17:02:29] [Server thread/INFO]: [Vault] [Vault][Economy] Essentials Economy hooked.
[17:02:29] [Server thread/INFO]: [Essentials] Using Vault based permissions (GroupManager)
[17:02:29] [Server thread/INFO]: [WorldGuard] Enabling WorldGuard v7.0.0;02b731f
[17:02:29] [Server thread/INFO]: [WorldGuard] (Survival) TNT ignition is PERMITTED.
[17:02:29] [Server thread/INFO]: [WorldGuard] (Survival) Lighters are PERMITTED.
[17:02:29] [Server thread/INFO]: [WorldGuard] (Survival) Lava fire is blocked.
[17:02:29] [Server thread/INFO]: [WorldGuard] (Survival) Fire spread is UNRESTRICTED.
[17:02:29] [Server thread/INFO]: [WorldGuard] Loaded configuration for world 'Survival'
[17:02:29] [Server thread/INFO]: [WorldGuard] (Survival_nether) TNT ignition is PERMITTED.
[17:02:29] [Server thread/INFO]: [WorldGuard] (Survival_nether) Lighters are PERMITTED.
[17:02:29] [Server thread/INFO]: [WorldGuard] (Survival_nether) Lava fire is blocked.
[17:02:29] [Server thread/INFO]: [WorldGuard] (Survival_nether) Fire spread is UNRESTRICTED.
[17:02:29] [Server thread/INFO]: [WorldGuard] Loaded configuration for world 'Survival_nether'
[17:02:29] [Server thread/INFO]: [WorldGuard] (Survival_the_end) TNT ignition is PERMITTED.
[17:02:29] [Server thread/INFO]: [WorldGuard] (Survival_the_end) Lighters are PERMITTED.
[17:02:29] [Server thread/INFO]: [WorldGuard] (Survival_the_end) Lava fire is blocked.
[17:02:29] [Server thread/INFO]: [WorldGuard] (Survival_the_end) Fire spread is UNRESTRICTED.
[17:02:29] [Server thread/INFO]: [WorldGuard] Loaded configuration for world 'Survival_the_end'
[17:02:29] [Server thread/INFO]: [WorldGuard] (Spawn) TNT ignition is PERMITTED.
[17:02:29] [Server thread/INFO]: [WorldGuard] (Spawn) Lighters are PERMITTED.
[17:02:29] [Server thread/INFO]: [WorldGuard] (Spawn) Lava fire is blocked.
[17:02:29] [Server thread/INFO]: [WorldGuard] (Spawn) Fire spread is UNRESTRICTED.
[17:02:29] [Server thread/INFO]: [WorldGuard] Loaded configuration for world 'Spawn'
[17:02:29] [Server thread/INFO]: [WorldGuard] (Kingdoms) TNT ignition is PERMITTED.
[17:02:29] [Server thread/INFO]: [WorldGuard] (Kingdoms) Lighters are PERMITTED.
[17:02:29] [Server thread/INFO]: [WorldGuard] (Kingdoms) Lava fire is blocked.
[17:02:29] [Server thread/INFO]: [WorldGuard] (Kingdoms) Fire spread is UNRESTRICTED.
[17:02:29] [Server thread/INFO]: [WorldGuard] Loaded configuration for world 'Kingdoms'
[17:02:29] [Server thread/INFO]: [WorldGuard] Loading region data...
[17:02:29] [Server thread/INFO]: [DiscordSRV] Enabling DiscordSRV v1.18.0
[17:02:29] [Server thread/INFO]: [ChestCommands] Enabling ChestCommands v3.2.0
[17:02:29] [Server thread/INFO]: [StatsSB] Enabling StatsSB v2.5.7
[17:02:29] [Server thread/INFO]: [StatsSB] MySQL-Enabled is: false
[17:02:29] [Server thread/INFO]: [StatsSB] Vault Detected! Enabling Economy Capability.
[17:02:29] [Server thread/INFO]: [EssentialsProtect] Enabling EssentialsProtect v2.17.1.0
[17:02:29] [Server thread/INFO]: [EssentialsProtect] Continuing to enable Protect.
[17:02:29] [Server thread/INFO]: [EssentialsChat] Enabling EssentialsChat v2.17.1.0
[17:02:29] [Server thread/INFO]: [EssentialsAntiBuild] Enabling EssentialsAntiBuild v2.17.1.0
[17:02:29] [Server thread/INFO]: [mcMMO] Enabling mcMMO v2.1.110
[17:02:31] [Server thread/INFO]: [mcMMO] enabling Acrobatics Skills
[17:02:31] [Server thread/INFO]: [mcMMO] registered subskill: Roll
[17:02:31] [Server thread/INFO]: [mcMMO] 0 entries in mcMMO World Blacklist
[17:02:31] [Server thread/INFO]: [ItemJoin] Enabling ItemJoin v5.0.5-RELEASE-b324
[17:02:31] [Server thread/INFO]: [ItemJoin] Fetched [{ Multiverse-Core, Multiverse-Inventories, WorldGuard, Vault }]
[17:02:31] [Server thread/INFO]: [ItemJoin] Checking for updates...
[17:02:31] [Server thread/INFO]: [ItemJoin] You are up to date!
[17:02:31] [Server thread/INFO]: [ItemJoin] has been Enabled.
[17:02:31] [Server thread/INFO]: [HungerGames] Enabling HungerGames v4.13.0
[17:02:31] [Server thread/INFO]: [HungerGames] Config loaded!
[17:02:31] [Server thread/INFO]: [HungerGames] Metrics have been enabled
[17:02:31] [Server thread/INFO]: [HungerGames] MythicMobs not found, MythicMobs hooks have been disabled
[17:02:31] [Server thread/INFO]: [HungerGames] language.yml loaded
[17:02:32] [Server thread/INFO]: [HungerGames] Loaded kits
[17:02:32] [Server thread/INFO]: [HungerGames] 66 Random items have been loaded!
[17:02:32] [Server thread/INFO]: [HungerGames] 2 Random bonus items have been loaded!
[17:02:32] [Server thread/INFO]: [HungerGames] No Arenas to load.
[17:02:32] [Server thread/INFO]: [HungerGames] PAPI not found, Placeholders have been disabled
[17:02:32] [Server thread/INFO]: [HungerGames] mcMMO found, mcMMO event hooks enabled
[17:02:32] [Server thread/INFO]: [HungerGames] HungerGames has been enabled!
[17:02:32] [Server thread/INFO]: [EssentialsSpawn] Enabling EssentialsSpawn v2.17.1.0
[17:02:32] [Server thread/INFO]: [Jobs] Enabling Jobs v4.14.3
[17:02:32] [DiscordSRV - Initialization/WARN]: [DiscordSRV] 

The current build of DiscordSRV is outdated by 17 commits! Get the latest build at your favorite distribution center.

Spigot: https://www.spigotmc.org/resources/discordsrv.18494/
Bukkit Dev: http://dev.bukkit.org/bukkit-plugins/discordsrv/
Source: https://github.com/DiscordSRV/DiscordSRV

[17:02:32] [DiscordSRV - Initialization/INFO]: [DiscordSRV] §8===============================================================================
[17:02:32] [DiscordSRV - Initialization/INFO]: [DiscordSRV] §a         Need a server host? Try PebbleHost! Plans starting at $1/GB!
[17:02:32] [DiscordSRV - Initialization/INFO]: [DiscordSRV] §a Use promo code "DISCORDSRV" at checkout for 15% off your first three bills!
[17:02:32] [DiscordSRV - Initialization/INFO]: [DiscordSRV] §8===============================================================================
[17:02:33] [DiscordSRV - Initialization/ERROR]: [DiscordSRV] DiscordSRV failed to connect to Discord. Reason: The provided token is invalid!
[17:02:33] [Server thread/INFO]: [Jobs] Loaded 8 titles!
[17:02:33] [Server thread/INFO]: [Jobs] Loaded 75 protected blocks timers!
[17:02:33] [Server thread/INFO]: [Jobs] Loaded 989 custom item names!
[17:02:33] [Server thread/INFO]: [Jobs] Loaded 66 custom entity names!
[17:02:33] [Server thread/INFO]: [Jobs] Loaded 37 custom enchant names!
[17:02:33] [Server thread/INFO]: [Jobs] Loaded 16 custom color names!
[17:02:33] [Server thread/INFO]: [Jobs] Loaded 4 shop items!
[17:02:33] [Server thread/INFO]: [Jobs] Loaded 1 quests for Woodcutter
[17:02:33] [Server thread/INFO]: [Jobs] Loaded 1 quests for Miner
[17:02:33] [Server thread/INFO]: [Jobs] Loaded 1 quests for Builder
[17:02:33] [Server thread/INFO]: [Jobs] Loaded 1 quests for Digger
[17:02:33] [Server thread/INFO]: [Jobs] Loaded 1 quests for Farmer
[17:02:33] [Server thread/INFO]: [Jobs] Loaded 1 quests for Hunter
[17:02:33] [Server thread/INFO]: [Jobs] Loaded 1 quests for Explorer
[17:02:33] [Server thread/INFO]: [Jobs] Loaded 1 quests for Crafter
[17:02:33] [Server thread/INFO]: [Jobs] Loaded 1 quests for Fisherman
[17:02:33] [Server thread/INFO]: [Jobs] Loaded 1 quests for Weaponsmith
[17:02:33] [Server thread/INFO]: [Jobs] Loaded 1 quests for Brewer
[17:02:33] [Server thread/INFO]: [Jobs] Loaded 1 quests for Enchanter
[17:02:33] [Server thread/INFO]: [Jobs] Loaded 12 jobs!
[17:02:33] [Server thread/INFO]: [Jobs] Explorer job manager registered!
[17:02:33] [Jobs-DatabaseSaveTask/INFO]: [Jobs] Started database save task.
[17:02:33] [Jobs-BufferedPaymentThread/INFO]: [Jobs] Started buffered payment thread.
[17:02:33] [Server thread/INFO]: [Jobs] Preloaded 1 players data in 0.0
[17:02:33] [Server thread/INFO]: [Jobs] mcMMO2.1.110 was found - Enabling capabilities.
[17:02:33] [Server thread/INFO]: [Jobs] Registered McMMO 2.x listener
[17:02:33] [Server thread/INFO]: [Jobs] WorldGuard detected.
[17:02:34] [Server thread/INFO]: [Jobs] Loading explorer data
[17:02:34] [Server thread/INFO]: [Jobs] Loaded explorer data (39)
[17:02:34] [Server thread/INFO]: [Jobs] Plugin has been enabled successfully.
[17:02:34] [Server thread/INFO]: Server permissions file permissions.yml is empty, ignoring it
[17:02:34] [Server thread/INFO]: Done (23.471s)! For help, type "help"
[17:02:34] [Server thread/INFO]: Starting GS4 status listener
[17:02:34] [Query Listener #1/INFO]: Query running on 51.89.152.59:2079
[17:02:34] [Server thread/INFO]: [AsyncWorldEdit] Loading plugins...
[17:02:34] [Server thread/INFO]: [Jobs] Successfully linked with Vault.
[17:02:34] [Craft Scheduler Thread - 1/INFO]: [KIT-PVP] No new update found. You are on the latest version.
[17:02:36] [Server thread/INFO]: GroupManager - INFO - Bukkit Permissions Updated!
[17:02:36] [Craft Scheduler Thread - 1/INFO]: [Vault] Checking for Updates ... 
[17:02:36] [Craft Scheduler Thread - 3/INFO]: [BuycraftX] Fetching all due players...
[17:02:36] [Craft Scheduler Thread - 1/INFO]: [Vault] No new version available
[17:02:37] [Craft Scheduler Thread - 3/INFO]: [BuycraftX] Fetched due players (0 found).
[17:07:38] [Craft Scheduler Thread - 10/INFO]: [BuycraftX] Fetching all due players...
[17:07:38] [Craft Scheduler Thread - 10/INFO]: [BuycraftX] Fetched due players (0 found).
[17:10:23] [Server thread/INFO]: [KIT-PVP] There was no spawn found, please set it using /kp addspawn.
[17:12:38] [Craft Scheduler Thread - 11/INFO]: [BuycraftX] Fetching all due players...
[17:12:38] [Craft Scheduler Thread - 11/INFO]: [BuycraftX] Fetched due players (0 found).
[17:17:38] [Craft Scheduler Thread - 12/INFO]: [BuycraftX] Fetching all due players...
[17:17:38] [Craft Scheduler Thread - 12/INFO]: [BuycraftX] Fetched due players (0 found).
[17:22:38] [Craft Scheduler Thread - 15/INFO]: [BuycraftX] Fetching all due players...
[17:22:39] [Craft Scheduler Thread - 15/INFO]: [BuycraftX] Fetched due players (0 found).
[17:27:39] [Craft Scheduler Thread - 16/INFO]: [BuycraftX] Fetching all due players...
[17:27:39] [Craft Scheduler Thread - 16/INFO]: [BuycraftX] Fetched due players (0 found).
[17:32:14] [AWE:Cron:undoCleanup/INFO]: [AsyncWorldEdit] Undo cleanup started...
[17:32:14] [AWE:Cron:undoCleanup/INFO]: [AsyncWorldEdit] ...undo cleanup done.
[17:32:39] [Craft Scheduler Thread - 19/INFO]: [BuycraftX] Fetching all due players...
[17:32:40] [Craft Scheduler Thread - 19/INFO]: [BuycraftX] Fetched due players (0 found).
[17:37:40] [Craft Scheduler Thread - 20/INFO]: [BuycraftX] Fetching all due players...
[17:37:40] [Craft Scheduler Thread - 20/INFO]: [BuycraftX] Fetched due players (0 found).
[17:38:35] [Server thread/INFO]: [KIT-PVP] There was no spawn found, please set it using /kp addspawn.
[17:42:40] [Craft Scheduler Thread - 21/INFO]: [BuycraftX] Fetching all due players...
[17:42:41] [Craft Scheduler Thread - 21/INFO]: [BuycraftX] Fetched due players (0 found).
[17:47:41] [Craft Scheduler Thread - 24/INFO]: [BuycraftX] Fetching all due players...
[17:47:41] [Craft Scheduler Thread - 24/INFO]: [BuycraftX] Fetched due players (0 found).
[17:51:57] [Server thread/INFO]: [KIT-PVP] There was no spawn found, please set it using /kp addspawn.
[17:52:41] [Craft Scheduler Thread - 25/INFO]: [BuycraftX] Fetching all due players...
[17:52:42] [Craft Scheduler Thread - 25/INFO]: [BuycraftX] Fetched due players (0 found).
[17:57:42] [Craft Scheduler Thread - 26/INFO]: [BuycraftX] Fetching all due players...
[17:57:42] [Craft Scheduler Thread - 26/INFO]: [BuycraftX] Fetched due players (0 found).
[18:02:24] [AWE:Cron:undoCleanup/INFO]: [AsyncWorldEdit] Undo cleanup started...
[18:02:24] [AWE:Cron:undoCleanup/INFO]: [AsyncWorldEdit] ...undo cleanup done.
[18:02:34] [Craft Scheduler Thread - 28/INFO]: §6(Companions) >§7 Saving files right now, it MIGHT lag momentarily.
[18:02:34] [Craft Scheduler Thread - 28/INFO]: §6(Companions) >§7 Files are successfully saved! :)
[18:02:42] [Craft Scheduler Thread - 27/INFO]: [BuycraftX] Fetching all due players...
[18:02:43] [Craft Scheduler Thread - 27/INFO]: [BuycraftX] Fetched due players (0 found).
[18:07:43] [Craft Scheduler Thread - 31/INFO]: [BuycraftX] Fetching all due players...
[18:07:43] [Craft Scheduler Thread - 31/INFO]: [BuycraftX] Fetched due players (0 found).
[18:12:43] [Craft Scheduler Thread - 32/INFO]: [BuycraftX] Fetching all due players...
[18:12:44] [Craft Scheduler Thread - 32/INFO]: [BuycraftX] Fetched due players (0 found).
[18:17:44] [Craft Scheduler Thread - 32/INFO]: [BuycraftX] Fetching all due players...
[18:17:44] [Craft Scheduler Thread - 32/INFO]: [BuycraftX] Fetched due players (0 found).
[18:22:44] [Craft Scheduler Thread - 36/INFO]: [BuycraftX] Fetching all due players...
[18:22:45] [Craft Scheduler Thread - 36/INFO]: [BuycraftX] Fetched due players (0 found).
[18:27:45] [Craft Scheduler Thread - 37/INFO]: [BuycraftX] Fetching all due players...
[18:27:46] [Craft Scheduler Thread - 37/INFO]: [BuycraftX] Fetched due players (0 found).
[18:32:34] [AWE:Cron:undoCleanup/INFO]: [AsyncWorldEdit] Undo cleanup started...
[18:32:34] [AWE:Cron:undoCleanup/INFO]: [AsyncWorldEdit] ...undo cleanup done.
[18:32:46] [Craft Scheduler Thread - 41/INFO]: [BuycraftX] Fetching all due players...
[18:32:46] [Craft Scheduler Thread - 41/INFO]: [BuycraftX] Fetched due players (0 found).
[18:37:46] [Craft Scheduler Thread - 42/INFO]: [BuycraftX] Fetching all due players...
[18:37:46] [Craft Scheduler Thread - 42/INFO]: [BuycraftX] Fetched due players (0 found).
[18:42:46] [Craft Scheduler Thread - 43/INFO]: [BuycraftX] Fetching all due players...
[18:42:47] [Craft Scheduler Thread - 43/INFO]: [BuycraftX] Fetched due players (0 found).
[18:47:47] [Craft Scheduler Thread - 45/INFO]: [BuycraftX] Fetching all due players...
[18:47:47] [Craft Scheduler Thread - 45/INFO]: [BuycraftX] Fetched due players (0 found).
[18:48:50] [Server thread/INFO]: [KIT-PVP] There was no spawn found, please set it using /kp addspawn.
[18:52:47] [Craft Scheduler Thread - 47/INFO]: [BuycraftX] Fetching all due players...
[18:52:48] [Craft Scheduler Thread - 47/INFO]: [BuycraftX] Fetched due players (0 found).
[18:57:48] [Craft Scheduler Thread - 48/INFO]: [BuycraftX] Fetching all due players...
[18:57:49] [Craft Scheduler Thread - 48/INFO]: [BuycraftX] Fetched due players (0 found).
[19:02:34] [Craft Scheduler Thread - 50/INFO]: §6(Companions) >§7 Saving files right now, it MIGHT lag momentarily.
[19:02:34] [Craft Scheduler Thread - 50/INFO]: §6(Companions) >§7 Files are successfully saved! :)
[19:02:44] [AWE:Cron:undoCleanup/INFO]: [AsyncWorldEdit] Undo cleanup started...
[19:02:44] [AWE:Cron:undoCleanup/INFO]: [AsyncWorldEdit] ...undo cleanup done.
[19:02:48] [Craft Scheduler Thread - 49/INFO]: [BuycraftX] Fetching all due players...
[19:02:49] [Craft Scheduler Thread - 49/INFO]: [BuycraftX] Fetched due players (0 found).
[19:03:47] [Server thread/INFO]: [KIT-PVP] There was no spawn found, please set it using /kp addspawn.
[19:07:49] [Craft Scheduler Thread - 53/INFO]: [BuycraftX] Fetching all due players...
[19:07:49] [Craft Scheduler Thread - 53/INFO]: [BuycraftX] Fetched due players (0 found).
[19:12:49] [Craft Scheduler Thread - 53/INFO]: [BuycraftX] Fetching all due players...
[19:12:50] [Craft Scheduler Thread - 53/INFO]: [BuycraftX] Fetched due players (0 found).
[19:17:50] [Craft Scheduler Thread - 57/INFO]: [BuycraftX] Fetching all due players...
[19:17:50] [Craft Scheduler Thread - 57/INFO]: [BuycraftX] Fetched due players (0 found).
[19:22:50] [Craft Scheduler Thread - 58/INFO]: [BuycraftX] Fetching all due players...
[19:22:50] [Craft Scheduler Thread - 58/INFO]: [BuycraftX] Fetched due players (0 found).
[19:27:50] [Craft Scheduler Thread - 59/INFO]: [BuycraftX] Fetching all due players...
[19:27:50] [Craft Scheduler Thread - 59/INFO]: [BuycraftX] Fetched due players (0 found).
[19:32:22] [Server thread/INFO]: [KIT-PVP] There was no spawn found, please set it using /kp addspawn.
[19:32:50] [Craft Scheduler Thread - 60/INFO]: [BuycraftX] Fetching all due players...
[19:32:50] [Craft Scheduler Thread - 60/INFO]: [BuycraftX] Fetched due players (0 found).
[19:32:54] [AWE:Cron:undoCleanup/INFO]: [AsyncWorldEdit] Undo cleanup started...
[19:32:54] [AWE:Cron:undoCleanup/INFO]: [AsyncWorldEdit] ...undo cleanup done.
[19:37:50] [Craft Scheduler Thread - 63/INFO]: [BuycraftX] Fetching all due players...
[19:37:51] [Craft Scheduler Thread - 63/INFO]: [BuycraftX] Fetched due players (0 found).
[19:42:51] [Craft Scheduler Thread - 64/INFO]: [BuycraftX] Fetching all due players...
[19:42:51] [Craft Scheduler Thread - 64/INFO]: [BuycraftX] Fetched due players (0 found).
[19:47:51] [Craft Scheduler Thread - 67/INFO]: [BuycraftX] Fetching all due players...
[19:47:51] [Craft Scheduler Thread - 67/INFO]: [BuycraftX] Fetched due players (0 found).
[19:47:54] [Server thread/INFO]: [KIT-PVP] There was no spawn found, please set it using /kp addspawn.
[19:52:51] [Craft Scheduler Thread - 68/INFO]: [BuycraftX] Fetching all due players...
[19:52:51] [Craft Scheduler Thread - 68/INFO]: [BuycraftX] Fetched due players (0 found).
[19:57:51] [Craft Scheduler Thread - 69/INFO]: [BuycraftX] Fetching all due players...
[19:57:52] [Craft Scheduler Thread - 69/INFO]: [BuycraftX] Fetched due players (0 found).
[20:02:34] [Craft Scheduler Thread - 71/INFO]: §6(Companions) >§7 Saving files right now, it MIGHT lag momentarily.
[20:02:34] [Craft Scheduler Thread - 71/INFO]: §6(Companions) >§7 Files are successfully saved! :)
[20:02:52] [Craft Scheduler Thread - 69/INFO]: [BuycraftX] Fetching all due players...
[20:02:52] [Craft Scheduler Thread - 69/INFO]: [BuycraftX] Fetched due players (0 found).
[20:03:04] [AWE:Cron:undoCleanup/INFO]: [AsyncWorldEdit] Undo cleanup started...
[20:03:04] [AWE:Cron:undoCleanup/INFO]: [AsyncWorldEdit] ...undo cleanup done.
[20:07:52] [Craft Scheduler Thread - 73/INFO]: [BuycraftX] Fetching all due players...
[20:07:52] [Craft Scheduler Thread - 73/INFO]: [BuycraftX] Fetched due players (0 found).
[20:12:52] [Craft Scheduler Thread - 74/INFO]: [BuycraftX] Fetching all due players...
[20:12:52] [Craft Scheduler Thread - 74/INFO]: [BuycraftX] Fetched due players (0 found).
[20:17:41] [User Authenticator #1/INFO]: UUID of player iLoki is 99a80b73-34c0-48b7-8cd9-ed68b1a998e0
[20:17:42] [Server thread/INFO]: [KIT-PVP] There was no spawn found, please set it using /kp addspawn.
[20:17:42] [Server thread/INFO]: iLoki[/78.21.195.91:50873] logged in with entity id 392 at ([Spawn]-8.297586010260702, 70.0, 0.05278479307333454)
[20:17:42] [Server thread/INFO]: [+] iLoki joined Majestic Craft !
[20:17:42] [Server thread/INFO]: [KIT-PVP] There was no spawn found, please set it using /kp addspawn.
[20:17:52] [Craft Scheduler Thread - 77/INFO]: [BuycraftX] Fetching all due players...
[20:17:52] [Craft Scheduler Thread - 77/INFO]: [BuycraftX] Fetched due players (0 found).
